<?xml version="1.0" encoding="UTF-8"?>
<!-- Generated by org.testng.reporters.JUnitReportReporter -->
<testsuite hostname="DESKTOP-I4VRJAL" failures="0" tests="1" name="testgroup.testproj.NewTest" time="20.308" errors="0" timestamp="2023-04-12T17:52:09 EDT" skipped="0">
  <testcase classname="testgroup.testproj.NewTest" name="signin_facebook" time="20.308"/>
  <system-out/>
</testsuite> <!-- testgroup.testproj.NewTest -->
