<?xml version="1.0" encoding="UTF-8"?>
<!-- Generated by org.testng.reporters.JUnitReportReporter -->
<testsuite hostname="DESKTOP-I4VRJAL" failures="0" tests="1" name="projects.partfive.amazon.CommonClass" time="31.355" errors="0" timestamp="2023-05-09T22:26:51 EDT" skipped="0">
  <testcase classname="projects.partfive.amazon.CommonClass" name="amazonTest" time="31.355"/>
  <system-out/>
</testsuite> <!-- projects.partfive.amazon.CommonClass -->
